<?xml version="1.0" encoding="UTF-8"?>
<coverage generated="1679360421541" clover="3.2.0">
  <project timestamp="1679360421541" name="All files">
    <metrics statements="1" coveredstatements="1" conditionals="0" coveredconditionals="0" methods="1" coveredmethods="1" elements="2" coveredelements="2" complexity="0" loc="1" ncloc="1" packages="1" files="1" classes="1"/>
    <file name="Profile.tsx" path="C:\Users\walbe\Desktop\TURMA DEVIEDP CONTRATADOS\my-app\src\screens\Profile.tsx">
      <metrics statements="1" coveredstatements="1" conditionals="0" coveredconditionals="0" methods="1" coveredmethods="1"/>
      <line num="6" count="2" type="stmt"/>
    </file>
  </project>
</coverage>
