{"C:\\Users\\walbe\\Desktop\\TURMA DEVIEDP CONTRATADOS\\my-app\\src\\screens\\Profile.tsx": {"path":"C:\\Users\\walbe\\Desktop\\TURMA DEVIEDP CONTRATADOS\\my-app\\src\\screens\\Profile.tsx","statementMap":{"0":{"start":{"line":6,"column":4},"end":{"line":13,"column":6}}},"fnMap":{"0":{"name":"Profile","decl":{"start":{"line":5,"column":16},"end":{"line":5,"column":23}},"loc":{"start":{"line":5,"column":27},"end":{"line":14,"column":1}},"line":5}},"branchMap":{},"s":{"0":2},"f":{"0":2},"b":{},"_coverageSchema":"1a1c01bbd47fc00a2c39e90264f33305004495a9","hash":"f08a6058043b0e7bb92007b0e01f250ca5e4fa16"}
}
