{"C:\\Users\\walbe\\Documents\\projetos\\LAB 365\\TESTES\\my-app\\src\\screens\\Profile.tsx": {"path":"C:\\Users\\walbe\\Documents\\projetos\\LAB 365\\TESTES\\my-app\\src\\screens\\Profile.tsx","statementMap":{"0":{"start":{"line":4,"column":2},"end":{"line":11,"column":4}}},"fnMap":{"0":{"name":"Profile","decl":{"start":{"line":3,"column":16},"end":{"line":3,"column":23}},"loc":{"start":{"line":3,"column":26},"end":{"line":12,"column":1}},"line":3},"1":{"name":"(anonymous_1)","decl":{"start":{"line":9,"column":38},"end":{"line":9,"column":39}},"loc":{"start":{"line":9,"column":44},"end":{"line":9,"column":46}},"line":9}},"branchMap":{},"s":{"0":6},"f":{"0":6,"1":0},"b":{},"_coverageSchema":"1a1c01bbd47fc00a2c39e90264f33305004495a9","hash":"2daf5647aa114478458a56fb5b63254b1cc12d23"}
}
